<?xml version="1.0" encoding="UTF-8"?>
<testng-results ignored="0" total="1" passed="0" failed="1" skipped="0">
  <reporter-output>
  </reporter-output>
  <suite started-at="2023-03-21T14:18:40 IST" name="OrangeHRMSuite" finished-at="2023-03-21T14:18:51 IST" duration-ms="10440">
    <groups>
    </groups>
    <test started-at="2023-03-21T14:18:40 IST" name="OrangeHRMTest" finished-at="2023-03-21T14:18:51 IST" duration-ms="10440">
      <class name="OpenHRMModule1LoginTest.OpenHRMModule1LoginTest">
        <test-method is-config="true" signature="openBroswer()[pri:0, instance:OpenHRMModule1LoginTest.OpenHRMModule1LoginTest@4efac082]" started-at="2023-03-21T14:18:40 IST" name="openBroswer" finished-at="2023-03-21T14:18:49 IST" duration-ms="8807" status="PASS">
          <reporter-output>
          </reporter-output>
        </test-method> <!-- openBroswer -->
        <test-method signature="verificationofloginmodule()[pri:0, instance:OpenHRMModule1LoginTest.OpenHRMModule1LoginTest@4efac082]" started-at="2023-03-21T14:18:49 IST" name="verificationofloginmodule" finished-at="2023-03-21T14:18:50 IST" duration-ms="821" status="FAIL">
          <exception class="java.lang.IllegalArgumentException">
            <message>
              <![CDATA[Keys to send should be a not null CharSequence]]>
            </message>
            <full-stacktrace>
              <![CDATA[java.lang.IllegalArgumentException: Keys to send should be a not null CharSequence
at org.openqa.selenium.remote.RemoteWebElement.sendKeys(RemoteWebElement.java:98)
at java.base/jdk.internal.reflect.NativeMethodAccessorImpl.invoke0(Native Method)
at java.base/jdk.internal.reflect.NativeMethodAccessorImpl.invoke(NativeMethodAccessorImpl.java:78)
at java.base/jdk.internal.reflect.DelegatingMethodAccessorImpl.invoke(DelegatingMethodAccessorImpl.java:43)
at java.base/java.lang.reflect.Method.invoke(Method.java:567)
at org.openqa.selenium.support.pagefactory.internal.LocatingElementHandler.invoke(LocatingElementHandler.java:52)
at jdk.proxy2/jdk.proxy2.$Proxy17.sendKeys(Unknown Source)
at OpenHRMModule1LoginPage.OpenHRMModule1LoginPage.inpOpenHRMModule1LoginPagePassword(OpenHRMModule1LoginPage.java:28)
at OpenHRMModule1LoginTest.OpenHRMModule1LoginTest.verificationofloginmodule(OpenHRMModule1LoginTest.java:40)
at java.base/jdk.internal.reflect.NativeMethodAccessorImpl.invoke0(Native Method)
at java.base/jdk.internal.reflect.NativeMethodAccessorImpl.invoke(NativeMethodAccessorImpl.java:78)
at java.base/jdk.internal.reflect.DelegatingMethodAccessorImpl.invoke(DelegatingMethodAccessorImpl.java:43)
at java.base/java.lang.reflect.Method.invoke(Method.java:567)
at org.testng.internal.MethodInvocationHelper.invokeMethod(MethodInvocationHelper.java:133)
at org.testng.internal.TestInvoker.invokeMethod(TestInvoker.java:598)
at org.testng.internal.TestInvoker.invokeTestMethod(TestInvoker.java:173)
at org.testng.internal.MethodRunner.runInSequence(MethodRunner.java:46)
at org.testng.internal.TestInvoker$MethodInvocationAgent.invoke(TestInvoker.java:824)
at org.testng.internal.TestInvoker.invokeTestMethods(TestInvoker.java:146)
at org.testng.internal.TestMethodWorker.invokeTestMethods(TestMethodWorker.java:146)
at org.testng.internal.TestMethodWorker.run(TestMethodWorker.java:128)
at java.base/java.util.ArrayList.forEach(ArrayList.java:1511)
at org.testng.TestRunner.privateRun(TestRunner.java:794)
at org.testng.TestRunner.run(TestRunner.java:596)
at org.testng.SuiteRunner.runTest(SuiteRunner.java:377)
at org.testng.SuiteRunner.runSequentially(SuiteRunner.java:371)
at org.testng.SuiteRunner.privateRun(SuiteRunner.java:332)
at org.testng.SuiteRunner.run(SuiteRunner.java:276)
at org.testng.SuiteRunnerWorker.runSuite(SuiteRunnerWorker.java:53)
at org.testng.SuiteRunnerWorker.run(SuiteRunnerWorker.java:96)
at org.testng.TestNG.runSuitesSequentially(TestNG.java:1212)
at org.testng.TestNG.runSuitesLocally(TestNG.java:1134)
at org.testng.TestNG.runSuites(TestNG.java:1063)
at org.testng.TestNG.run(TestNG.java:1031)
at org.testng.remote.AbstractRemoteTestNG.run(AbstractRemoteTestNG.java:115)
at org.testng.remote.RemoteTestNG.initAndRun(RemoteTestNG.java:251)
at org.testng.remote.RemoteTestNG.main(RemoteTestNG.java:77)
]]>
            </full-stacktrace>
          </exception> <!-- java.lang.IllegalArgumentException -->
          <reporter-output>
          </reporter-output>
        </test-method> <!-- verificationofloginmodule -->
        <test-method is-config="true" signature="catptureSSoffailedTestCase(org.testng.ITestResult)[pri:0, instance:OpenHRMModule1LoginTest.OpenHRMModule1LoginTest@4efac082]" started-at="2023-03-21T14:18:50 IST" name="catptureSSoffailedTestCase" finished-at="2023-03-21T14:18:50 IST" duration-ms="119" status="PASS">
          <params>
            <param index="0">
              <value>
                <![CDATA[[TestResult name=verificationofloginmodule status=FAILURE method=OpenHRMModule1LoginTest.verificationofloginmodule()[pri:0, instance:OpenHRMModule1LoginTest.OpenHRMModule1LoginTest@4efac082] output={null}]]]>
              </value>
            </param>
          </params>
          <reporter-output>
          </reporter-output>
        </test-method> <!-- catptureSSoffailedTestCase -->
        <test-method is-config="true" signature="closeBrowser()[pri:0, instance:OpenHRMModule1LoginTest.OpenHRMModule1LoginTest@4efac082]" started-at="2023-03-21T14:18:50 IST" name="closeBrowser" finished-at="2023-03-21T14:18:51 IST" duration-ms="279" status="PASS">
          <reporter-output>
          </reporter-output>
        </test-method> <!-- closeBrowser -->
      </class> <!-- OpenHRMModule1LoginTest.OpenHRMModule1LoginTest -->
    </test> <!-- OrangeHRMTest -->
  </suite> <!-- OrangeHRMSuite -->
</testng-results>
